Using pre-set license
Built from '2020.3/staging' branch; Version is '2020.3.19f1 (68f137dc9bbe) revision 6877495'; Using compiler version '192528614'; Build Type 'Release'
OS: 'Windows 10 Pro N; OS build 19042.1466; Version 2009; 64bit' Language: 'es' Physical Memory: 8071 MB
BatchMode: 1, IsHumanControllingUs: 0, StartBugReporterOnCrash: 0, Is64bit: 1, IsPro: 0

COMMAND LINE ARGUMENTS:
C:\Program Files\Unity\Hub\Editor\2020.3.19f1\Editor\Unity.exe
-adb2
-batchMode
-noUpm
-name
AssetImportWorker0
-projectPath
C:/Users/Karlo/Desktop/DAM Segundo Curso/PMDM/Juego 2D/2DGAME/BatoiBoy1.0
-logFile
Logs/AssetImportWorker0.log
-srvPort
62785
Successfully changed project path to: C:/Users/Karlo/Desktop/DAM Segundo Curso/PMDM/Juego 2D/2DGAME/BatoiBoy1.0
C:/Users/Karlo/Desktop/DAM Segundo Curso/PMDM/Juego 2D/2DGAME/BatoiBoy1.0
Using Asset Import Pipeline V2.
Refreshing native plugins compatible for Editor in 77.72 ms, found 3 plugins.
Preloading 0 native plugins for Editor in 0.00 ms.
Initialize engine version: 2020.3.19f1 (68f137dc9bbe)
[Subsystems] Discovering subsystems at path C:/Program Files/Unity/Hub/Editor/2020.3.19f1/Editor/Data/Resources/UnitySubsystems
[Subsystems] Discovering subsystems at path C:/Users/Karlo/Desktop/DAM Segundo Curso/PMDM/Juego 2D/2DGAME/BatoiBoy1.0/Assets
GfxDevice: creating device client; threaded=0
Direct3D:
    Version:  Direct3D 11.0 [level 11.1]
    Renderer: NVIDIA GeForce GTX 1050 (ID=0x1c8d)
    Vendor:   
    VRAM:     1977 MB
    Driver:   30.0.14.7111
Initialize mono
Mono path[0] = 'C:/Program Files/Unity/Hub/Editor/2020.3.19f1/Editor/Data/Managed'
Mono path[1] = 'C:/Program Files/Unity/Hub/Editor/2020.3.19f1/Editor/Data/MonoBleedingEdge/lib/mono/unityjit'
Mono config path = 'C:/Program Files/Unity/Hub/Editor/2020.3.19f1/Editor/Data/MonoBleedingEdge/etc'
Using monoOptions --debugger-agent=transport=dt_socket,embedding=1,server=y,suspend=n,address=127.0.0.1:56704
Begin MonoManager ReloadAssembly
Registering precompiled unity dll's ...
Register platform support module: C:/Program Files/Unity/Hub/Editor/2020.3.19f1/Editor/Data/PlaybackEngines/WindowsStandaloneSupport/UnityEditor.WindowsStandalone.Extensions.dll
Registered in 0.002256 seconds.
Native extension for WindowsStandalone target not found
Refreshing native plugins compatible for Editor in 76.79 ms, found 3 plugins.
Preloading 0 native plugins for Editor in 0.00 ms.
Mono: successfully reloaded assembly
- Completed reload, in  2.203 seconds
Domain Reload Profiling:
	ReloadAssembly (2203ms)
		BeginReloadAssembly (65ms)
			ExecutionOrderSort (0ms)
			DisableScriptedObjects (0ms)
			BackupInstance (0ms)
			ReleaseScriptingObjects (0ms)
			CreateAndSetChildDomain (1ms)
		EndReloadAssembly (524ms)
			LoadAssemblies (62ms)
			RebuildTransferFunctionScriptingTraits (0ms)
			SetupTypeCache (179ms)
			ReleaseScriptCaches (0ms)
			RebuildScriptCaches (46ms)
			SetupLoadedEditorAssemblies (219ms)
				LogAssemblyErrors (0ms)
				InitializePlatformSupportModulesInManaged (4ms)
				SetLoadedEditorAssemblies (0ms)
				RefreshPlugins (77ms)
				BeforeProcessingInitializeOnLoad (15ms)
				ProcessInitializeOnLoadAttributes (91ms)
				ProcessInitializeOnLoadMethodAttributes (32ms)
				AfterProcessingInitializeOnLoad (0ms)
				EditorAssembliesLoaded (0ms)
			ExecutionOrderSort2 (0ms)
			AwakeInstancesAfterBackupRestoration (0ms)
Platform modules already initialized, skipping
Registering precompiled user dll's ...
Registered in 0.004653 seconds.
Begin MonoManager ReloadAssembly
Native extension for WindowsStandalone target not found
Refreshing native plugins compatible for Editor in 81.29 ms, found 3 plugins.
Preloading 0 native plugins for Editor in 0.00 ms.
Mono: successfully reloaded assembly
- Completed reload, in  1.446 seconds
Domain Reload Profiling:
	ReloadAssembly (1447ms)
		BeginReloadAssembly (167ms)
			ExecutionOrderSort (0ms)
			DisableScriptedObjects (5ms)
			BackupInstance (0ms)
			ReleaseScriptingObjects (0ms)
			CreateAndSetChildDomain (22ms)
		EndReloadAssembly (1208ms)
			LoadAssemblies (111ms)
			RebuildTransferFunctionScriptingTraits (0ms)
			SetupTypeCache (392ms)
			ReleaseScriptCaches (1ms)
			RebuildScriptCaches (69ms)
			SetupLoadedEditorAssemblies (486ms)
				LogAssemblyErrors (0ms)
				InitializePlatformSupportModulesInManaged (4ms)
				SetLoadedEditorAssemblies (0ms)
				RefreshPlugins (81ms)
				BeforeProcessingInitializeOnLoad (120ms)
				ProcessInitializeOnLoadAttributes (253ms)
				ProcessInitializeOnLoadMethodAttributes (19ms)
				AfterProcessingInitializeOnLoad (8ms)
				EditorAssembliesLoaded (0ms)
			ExecutionOrderSort2 (0ms)
			AwakeInstancesAfterBackupRestoration (9ms)
Platform modules already initialized, skipping
========================================================================
Worker process is ready to serve import requests
Launched and connected shader compiler UnityShaderCompiler.exe after 0.09 seconds
Refreshing native plugins compatible for Editor in 0.70 ms, found 3 plugins.
Preloading 0 native plugins for Editor in 0.00 ms.
Unloading 3402 Unused Serialized files (Serialized files now loaded: 0)
System memory in use before: 146.8 MB.
System memory in use after: 147.0 MB.

Unloading 28 unused Assets to reduce memory usage. Loaded Objects now: 3843.
Total: 4.431700 ms (FindLiveObjects: 0.366600 ms CreateObjectMapping: 0.155300 ms MarkObjects: 3.816800 ms  DeleteObjects: 0.091800 ms)

AssetImportParameters requested are different than current active one (requested -> active):
  custom:framework-win-MediaFoundation: 216162199b28c13a410421893ffa2e32 -> 
  custom:video-decoder-ogg-theora: a1e56fd34408186e4bbccfd4996cb3dc -> 
  custom:container-muxer-webm: aa71ff27fc2769a1b78a27578f13a17b -> 
  custom:container-demuxer-webm: 4f35f7cbe854078d1ac9338744f61a02 -> 
  custom:container-demuxer-ogg: 62fdf1f143b41e24485cea50d1cbac27 -> 
  custom:video-encoder-webm-vp8: eb34c28f22e8b96e1ab97ce403110664 -> 
  custom:video-decoder-webm-vp8: 9c59270c3fd7afecdb556c50c9e8de78 -> 
  custom:audio-decoder-ogg-vorbis: bf7c407c2cedff20999df2af8eb42d56 -> 
  custom:audio-encoder-webm-vorbis: bf7c407c2cedff20999df2af8eb42d56 -> 
========================================================================
Received Import Request.
  path: Assets/Animations/idle_salamandra.anim
  artifactKey: Guid(edf9e104ba8d191438f5b51b4c863c99) Importer(815301076,1909f56bfc062723c751e8b465ee728b)
Start importing Assets/Animations/idle_salamandra.anim using Guid(edf9e104ba8d191438f5b51b4c863c99) Importer(815301076,1909f56bfc062723c751e8b465ee728b)  -> (artifact id: '3c47849ce68ecede1eafec9574c8017e') in 0.044744 seconds 
  Import took 0.050818 seconds .

========================================================================
Received Import Request.
  Time since last request: 7.090380 seconds.
  path: Assets/Animations/salamandra_dead.anim
  artifactKey: Guid(dd707d40dc6127042bfbd6bf3d61190b) Importer(815301076,1909f56bfc062723c751e8b465ee728b)
Start importing Assets/Animations/salamandra_dead.anim using Guid(dd707d40dc6127042bfbd6bf3d61190b) Importer(815301076,1909f56bfc062723c751e8b465ee728b)  -> (artifact id: '376463e7ea3c3ac6cb3019fc04a99948') in 0.011272 seconds 
  Import took 0.019213 seconds .

========================================================================
Received Import Request.
  Time since last request: 1.208650 seconds.
  path: Assets/Animations/salamndra_walk.anim
  artifactKey: Guid(f41f9604c56ee1043b30794f2af17c5e) Importer(815301076,1909f56bfc062723c751e8b465ee728b)
Start importing Assets/Animations/salamndra_walk.anim using Guid(f41f9604c56ee1043b30794f2af17c5e) Importer(815301076,1909f56bfc062723c751e8b465ee728b)  -> (artifact id: '8c5aca0610ecd9ed35f96e9b2efd3ebb') in 0.007576 seconds 
  Import took 0.014055 seconds .

========================================================================
Received Import Request.
  Time since last request: 2.404933 seconds.
  path: Assets/Animations/salandra_attack.anim
  artifactKey: Guid(092f42f8312d10f4095bef405223c957) Importer(815301076,1909f56bfc062723c751e8b465ee728b)
Start importing Assets/Animations/salandra_attack.anim using Guid(092f42f8312d10f4095bef405223c957) Importer(815301076,1909f56bfc062723c751e8b465ee728b)  -> (artifact id: 'cf0cf9c75b1aefd15c6aa0921fb4582b') in 0.007404 seconds 
  Import took 0.015523 seconds .

========================================================================
Received Import Request.
  Time since last request: 0.786752 seconds.
  path: Assets/Animations/sk_attack.anim
  artifactKey: Guid(017f1cccbca14d04db00ee2b8be08df3) Importer(815301076,1909f56bfc062723c751e8b465ee728b)
Start importing Assets/Animations/sk_attack.anim using Guid(017f1cccbca14d04db00ee2b8be08df3) Importer(815301076,1909f56bfc062723c751e8b465ee728b)  -> (artifact id: '9a4e4953dea70ecc6e28ff96e9f7abe1') in 0.009329 seconds 
  Import took 0.015891 seconds .

========================================================================
Received Import Request.
  Time since last request: 149.586739 seconds.
  path: Assets/Sprites/portal.asset
  artifactKey: Guid(d25ba962d76b1e42d9e844b2f56959b3) Importer(815301076,1909f56bfc062723c751e8b465ee728b)
Start importing Assets/Sprites/portal.asset using Guid(d25ba962d76b1e42d9e844b2f56959b3) Importer(815301076,1909f56bfc062723c751e8b465ee728b)  -> (artifact id: 'fab5ad7da237ee56d5ba08d88e8da2af') in 0.073846 seconds 
  Import took 0.080030 seconds .

========================================================================
Received Import Request.
  Time since last request: 0.000321 seconds.
  path: Assets/Sprites/s10.asset
  artifactKey: Guid(b60fed136cd9d46bd982b583fc0d99fa) Importer(815301076,1909f56bfc062723c751e8b465ee728b)
Start importing Assets/Sprites/s10.asset using Guid(b60fed136cd9d46bd982b583fc0d99fa) Importer(815301076,1909f56bfc062723c751e8b465ee728b)  -> (artifact id: 'a974ca7e452048cf3813d99a68a1c41d') in 0.023128 seconds 
  Import took 0.028530 seconds .

========================================================================
Received Import Request.
  Time since last request: 0.000295 seconds.
  path: Assets/Sprites/tronco.asset
  artifactKey: Guid(3b75276ef59787ebeac6285d51a8ebaa) Importer(815301076,1909f56bfc062723c751e8b465ee728b)
Start importing Assets/Sprites/tronco.asset using Guid(3b75276ef59787ebeac6285d51a8ebaa) Importer(815301076,1909f56bfc062723c751e8b465ee728b)  -> (artifact id: '9bd99b59e95b8d8abb5434a38f91c60b') in 0.028015 seconds 
  Import took 0.035691 seconds .

========================================================================
Received Import Request.
  Time since last request: 0.000437 seconds.
  path: Assets/Sprites/vela.asset
  artifactKey: Guid(c8a995e9d4d620eb08f8d272883725da) Importer(815301076,1909f56bfc062723c751e8b465ee728b)
Start importing Assets/Sprites/vela.asset using Guid(c8a995e9d4d620eb08f8d272883725da) Importer(815301076,1909f56bfc062723c751e8b465ee728b)  -> (artifact id: '5a25dafa4003beffc3a84c87dae51e9f') in 0.024703 seconds 
  Import took 0.033027 seconds .

========================================================================
Received Import Request.
  Time since last request: 0.000335 seconds.
  path: Assets/Sprites/taco.asset
  artifactKey: Guid(09d1cba7f6b9a6e65945f06511754e2f) Importer(815301076,1909f56bfc062723c751e8b465ee728b)
Start importing Assets/Sprites/taco.asset using Guid(09d1cba7f6b9a6e65945f06511754e2f) Importer(815301076,1909f56bfc062723c751e8b465ee728b)  -> (artifact id: '0c565f652fa365e42be1e09190a455ed') in 0.019584 seconds 
  Import took 0.027439 seconds .

========================================================================
Received Import Request.
  Time since last request: 0.000258 seconds.
  path: Assets/Sprites/puerta.asset
  artifactKey: Guid(8ac58084936ee6e40bad6a1103183ceb) Importer(815301076,1909f56bfc062723c751e8b465ee728b)
Start importing Assets/Sprites/puerta.asset using Guid(8ac58084936ee6e40bad6a1103183ceb) Importer(815301076,1909f56bfc062723c751e8b465ee728b)  -> (artifact id: 'bcd267912b769258e71be7d0820bcd83') in 0.027952 seconds 
  Import took 0.034945 seconds .

========================================================================
Received Import Request.
  Time since last request: 0.000194 seconds.
  path: Assets/Sprites/suelo1.asset
  artifactKey: Guid(d458c123b077bc249bf0ed53dfab23e9) Importer(815301076,1909f56bfc062723c751e8b465ee728b)
Start importing Assets/Sprites/suelo1.asset using Guid(d458c123b077bc249bf0ed53dfab23e9) Importer(815301076,1909f56bfc062723c751e8b465ee728b)  -> (artifact id: '41da4827161246c8577f4e98451aba70') in 0.023894 seconds 
  Import took 0.031294 seconds .

========================================================================
Received Import Request.
  Time since last request: 0.000282 seconds.
  path: Assets/Sprites/st.asset
  artifactKey: Guid(cd2ff9b21c8601c3b8540e6ae84dc7f9) Importer(815301076,1909f56bfc062723c751e8b465ee728b)
Start importing Assets/Sprites/st.asset using Guid(cd2ff9b21c8601c3b8540e6ae84dc7f9) Importer(815301076,1909f56bfc062723c751e8b465ee728b)  -> (artifact id: 'fcdb8306976c1d5c50b95c4ef961403e') in 0.024296 seconds 
  Import took 0.032367 seconds .

========================================================================
Received Import Request.
  Time since last request: 0.000377 seconds.
  path: Assets/Sprites/suelo2.asset
  artifactKey: Guid(b75735b13aa764a4ebb6549f6471c22e) Importer(815301076,1909f56bfc062723c751e8b465ee728b)
Start importing Assets/Sprites/suelo2.asset using Guid(b75735b13aa764a4ebb6549f6471c22e) Importer(815301076,1909f56bfc062723c751e8b465ee728b)  -> (artifact id: '2be923435c9e261787f58a3a8c31d8e3') in 0.052241 seconds 
  Import took 0.059774 seconds .

========================================================================
Received Import Request.
  Time since last request: 0.000352 seconds.
  path: Assets/Sprites/suelobosquee.asset
  artifactKey: Guid(db2603ceacb468b3196da1eec495458b) Importer(815301076,1909f56bfc062723c751e8b465ee728b)
Start importing Assets/Sprites/suelobosquee.asset using Guid(db2603ceacb468b3196da1eec495458b) Importer(815301076,1909f56bfc062723c751e8b465ee728b)  -> (artifact id: '1c1d156bbf2906f6f2b7e0f117e23ef6') in 0.017776 seconds 
  Import took 0.024662 seconds .

========================================================================
Received Import Request.
  Time since last request: 0.000262 seconds.
  path: Assets/Sprites/sueloo.asset
  artifactKey: Guid(a15c5f1f19760dd87bd2533a58e5ad32) Importer(815301076,1909f56bfc062723c751e8b465ee728b)
Start importing Assets/Sprites/sueloo.asset using Guid(a15c5f1f19760dd87bd2533a58e5ad32) Importer(815301076,1909f56bfc062723c751e8b465ee728b)  -> (artifact id: 'e890070fa58a8beb590d50d95881132f') in 0.018567 seconds 
  Import took 0.024877 seconds .

========================================================================
Received Import Request.
  Time since last request: 0.000291 seconds.
  path: Assets/Sprites/suelocueva.asset
  artifactKey: Guid(4ec3e391ddb66dcc8bbff26e960ab755) Importer(815301076,1909f56bfc062723c751e8b465ee728b)
Start importing Assets/Sprites/suelocueva.asset using Guid(4ec3e391ddb66dcc8bbff26e960ab755) Importer(815301076,1909f56bfc062723c751e8b465ee728b)  -> (artifact id: '471da9fdc835ee1225f9dfcce1cbf182') in 0.023921 seconds 
  Import took 0.032292 seconds .

========================================================================
Received Prepare
Registering precompiled user dll's ...
Registered in 0.004611 seconds.
Begin MonoManager ReloadAssembly
Native extension for WindowsStandalone target not found
Refreshing native plugins compatible for Editor in 0.86 ms, found 3 plugins.
Preloading 0 native plugins for Editor in 0.00 ms.
Mono: successfully reloaded assembly
- Completed reload, in  1.349 seconds
Domain Reload Profiling:
	ReloadAssembly (1349ms)
		BeginReloadAssembly (162ms)
			ExecutionOrderSort (0ms)
			DisableScriptedObjects (8ms)
			BackupInstance (0ms)
			ReleaseScriptingObjects (0ms)
			CreateAndSetChildDomain (56ms)
		EndReloadAssembly (1101ms)
			LoadAssemblies (133ms)
			RebuildTransferFunctionScriptingTraits (0ms)
			SetupTypeCache (397ms)
			ReleaseScriptCaches (1ms)
			RebuildScriptCaches (57ms)
			SetupLoadedEditorAssemblies (384ms)
				LogAssemblyErrors (0ms)
				InitializePlatformSupportModulesInManaged (5ms)
				SetLoadedEditorAssemblies (1ms)
				RefreshPlugins (1ms)
				BeforeProcessingInitializeOnLoad (122ms)
				ProcessInitializeOnLoadAttributes (241ms)
				ProcessInitializeOnLoadMethodAttributes (7ms)
				AfterProcessingInitializeOnLoad (7ms)
				EditorAssembliesLoaded (0ms)
			ExecutionOrderSort2 (0ms)
			AwakeInstancesAfterBackupRestoration (16ms)
Platform modules already initialized, skipping
Refreshing native plugins compatible for Editor in 0.86 ms, found 3 plugins.
Preloading 0 native plugins for Editor in 0.00 ms.
Unloading 3286 Unused Serialized files (Serialized files now loaded: 0)
System memory in use before: 142.1 MB.
System memory in use after: 142.4 MB.

Unloading 16 unused Assets to reduce memory usage. Loaded Objects now: 3861.
Total: 4.400500 ms (FindLiveObjects: 0.386300 ms CreateObjectMapping: 0.210900 ms MarkObjects: 3.779100 ms  DeleteObjects: 0.022800 ms)

AssetImportParameters requested are different than current active one (requested -> active):
  custom:framework-win-MediaFoundation: 216162199b28c13a410421893ffa2e32 -> 
  custom:video-decoder-ogg-theora: a1e56fd34408186e4bbccfd4996cb3dc -> 
  custom:container-muxer-webm: aa71ff27fc2769a1b78a27578f13a17b -> 
  custom:container-demuxer-webm: 4f35f7cbe854078d1ac9338744f61a02 -> 
  custom:container-demuxer-ogg: 62fdf1f143b41e24485cea50d1cbac27 -> 
  custom:video-encoder-webm-vp8: eb34c28f22e8b96e1ab97ce403110664 -> 
  custom:video-decoder-webm-vp8: 9c59270c3fd7afecdb556c50c9e8de78 -> 
  custom:audio-decoder-ogg-vorbis: bf7c407c2cedff20999df2af8eb42d56 -> 
  custom:audio-encoder-webm-vorbis: bf7c407c2cedff20999df2af8eb42d56 -> 
========================================================================
Received Prepare
Registering precompiled user dll's ...
Registered in 0.004482 seconds.
Begin MonoManager ReloadAssembly
Native extension for WindowsStandalone target not found
Refreshing native plugins compatible for Editor in 0.77 ms, found 3 plugins.
Preloading 0 native plugins for Editor in 0.00 ms.
Mono: successfully reloaded assembly
- Completed reload, in  1.310 seconds
Domain Reload Profiling:
	ReloadAssembly (1311ms)
		BeginReloadAssembly (153ms)
			ExecutionOrderSort (0ms)
			DisableScriptedObjects (8ms)
			BackupInstance (0ms)
			ReleaseScriptingObjects (0ms)
			CreateAndSetChildDomain (49ms)
		EndReloadAssembly (1080ms)
			LoadAssemblies (129ms)
			RebuildTransferFunctionScriptingTraits (0ms)
			SetupTypeCache (356ms)
			ReleaseScriptCaches (2ms)
			RebuildScriptCaches (59ms)
			SetupLoadedEditorAssemblies (402ms)
				LogAssemblyErrors (0ms)
				InitializePlatformSupportModulesInManaged (5ms)
				SetLoadedEditorAssemblies (1ms)
				RefreshPlugins (1ms)
				BeforeProcessingInitializeOnLoad (128ms)
				ProcessInitializeOnLoadAttributes (252ms)
				ProcessInitializeOnLoadMethodAttributes (7ms)
				AfterProcessingInitializeOnLoad (10ms)
				EditorAssembliesLoaded (0ms)
			ExecutionOrderSort2 (0ms)
			AwakeInstancesAfterBackupRestoration (18ms)
Platform modules already initialized, skipping
Refreshing native plugins compatible for Editor in 0.77 ms, found 3 plugins.
Preloading 0 native plugins for Editor in 0.00 ms.
Unloading 3286 Unused Serialized files (Serialized files now loaded: 0)
System memory in use before: 142.2 MB.
System memory in use after: 142.4 MB.

Unloading 16 unused Assets to reduce memory usage. Loaded Objects now: 3864.
Total: 4.528400 ms (FindLiveObjects: 0.356200 ms CreateObjectMapping: 0.241000 ms MarkObjects: 3.903600 ms  DeleteObjects: 0.026500 ms)

AssetImportParameters requested are different than current active one (requested -> active):
  custom:framework-win-MediaFoundation: 216162199b28c13a410421893ffa2e32 -> 
  custom:video-decoder-ogg-theora: a1e56fd34408186e4bbccfd4996cb3dc -> 
  custom:container-muxer-webm: aa71ff27fc2769a1b78a27578f13a17b -> 
  custom:container-demuxer-webm: 4f35f7cbe854078d1ac9338744f61a02 -> 
  custom:container-demuxer-ogg: 62fdf1f143b41e24485cea50d1cbac27 -> 
  custom:video-encoder-webm-vp8: eb34c28f22e8b96e1ab97ce403110664 -> 
  custom:video-decoder-webm-vp8: 9c59270c3fd7afecdb556c50c9e8de78 -> 
  custom:audio-decoder-ogg-vorbis: bf7c407c2cedff20999df2af8eb42d56 -> 
  custom:audio-encoder-webm-vorbis: bf7c407c2cedff20999df2af8eb42d56 -> 
AssetImportWorkerClient::OnTransportError - code=2 error=End of file
