Using pre-set license
Built from '2020.3/staging' branch; Version is '2020.3.19f1 (68f137dc9bbe) revision 6877495'; Using compiler version '192528614'; Build Type 'Release'
OS: 'Windows 10 Pro N; OS build 19042.1466; Version 2009; 64bit' Language: 'es' Physical Memory: 8071 MB
BatchMode: 1, IsHumanControllingUs: 0, StartBugReporterOnCrash: 0, Is64bit: 1, IsPro: 0

COMMAND LINE ARGUMENTS:
C:\Program Files\Unity\Hub\Editor\2020.3.19f1\Editor\Unity.exe
-adb2
-batchMode
-noUpm
-name
AssetImportWorker0
-projectPath
C:/Users/Karlo/Desktop/DAM Segundo Curso/PMDM/Juego 2D/2DGAME/BatoiBoy1.0
-logFile
Logs/AssetImportWorker0.log
-srvPort
62246
Successfully changed project path to: C:/Users/Karlo/Desktop/DAM Segundo Curso/PMDM/Juego 2D/2DGAME/BatoiBoy1.0
C:/Users/Karlo/Desktop/DAM Segundo Curso/PMDM/Juego 2D/2DGAME/BatoiBoy1.0
Using Asset Import Pipeline V2.
Refreshing native plugins compatible for Editor in 77.34 ms, found 3 plugins.
Preloading 0 native plugins for Editor in 0.00 ms.
Initialize engine version: 2020.3.19f1 (68f137dc9bbe)
[Subsystems] Discovering subsystems at path C:/Program Files/Unity/Hub/Editor/2020.3.19f1/Editor/Data/Resources/UnitySubsystems
[Subsystems] Discovering subsystems at path C:/Users/Karlo/Desktop/DAM Segundo Curso/PMDM/Juego 2D/2DGAME/BatoiBoy1.0/Assets
GfxDevice: creating device client; threaded=0
Direct3D:
    Version:  Direct3D 11.0 [level 11.1]
    Renderer: NVIDIA GeForce GTX 1050 (ID=0x1c8d)
    Vendor:   
    VRAM:     1977 MB
    Driver:   30.0.14.7111
Initialize mono
Mono path[0] = 'C:/Program Files/Unity/Hub/Editor/2020.3.19f1/Editor/Data/Managed'
Mono path[1] = 'C:/Program Files/Unity/Hub/Editor/2020.3.19f1/Editor/Data/MonoBleedingEdge/lib/mono/unityjit'
Mono config path = 'C:/Program Files/Unity/Hub/Editor/2020.3.19f1/Editor/Data/MonoBleedingEdge/etc'
Using monoOptions --debugger-agent=transport=dt_socket,embedding=1,server=y,suspend=n,address=127.0.0.1:56600
Begin MonoManager ReloadAssembly
Registering precompiled unity dll's ...
Register platform support module: C:/Program Files/Unity/Hub/Editor/2020.3.19f1/Editor/Data/PlaybackEngines/WindowsStandaloneSupport/UnityEditor.WindowsStandalone.Extensions.dll
Registered in 0.002213 seconds.
Native extension for WindowsStandalone target not found
Refreshing native plugins compatible for Editor in 76.93 ms, found 3 plugins.
Preloading 0 native plugins for Editor in 0.00 ms.
Mono: successfully reloaded assembly
- Completed reload, in  2.168 seconds
Domain Reload Profiling:
	ReloadAssembly (2168ms)
		BeginReloadAssembly (61ms)
			ExecutionOrderSort (0ms)
			DisableScriptedObjects (0ms)
			BackupInstance (0ms)
			ReleaseScriptingObjects (0ms)
			CreateAndSetChildDomain (1ms)
		EndReloadAssembly (516ms)
			LoadAssemblies (59ms)
			RebuildTransferFunctionScriptingTraits (0ms)
			SetupTypeCache (172ms)
			ReleaseScriptCaches (0ms)
			RebuildScriptCaches (42ms)
			SetupLoadedEditorAssemblies (221ms)
				LogAssemblyErrors (0ms)
				InitializePlatformSupportModulesInManaged (4ms)
				SetLoadedEditorAssemblies (0ms)
				RefreshPlugins (77ms)
				BeforeProcessingInitializeOnLoad (16ms)
				ProcessInitializeOnLoadAttributes (93ms)
				ProcessInitializeOnLoadMethodAttributes (31ms)
				AfterProcessingInitializeOnLoad (0ms)
				EditorAssembliesLoaded (0ms)
			ExecutionOrderSort2 (0ms)
			AwakeInstancesAfterBackupRestoration (0ms)
Platform modules already initialized, skipping
Registering precompiled user dll's ...
Registered in 0.004955 seconds.
Begin MonoManager ReloadAssembly
Native extension for WindowsStandalone target not found
Refreshing native plugins compatible for Editor in 80.17 ms, found 3 plugins.
Preloading 0 native plugins for Editor in 0.00 ms.
Mono: successfully reloaded assembly
- Completed reload, in  1.431 seconds
Domain Reload Profiling:
	ReloadAssembly (1432ms)
		BeginReloadAssembly (168ms)
			ExecutionOrderSort (0ms)
			DisableScriptedObjects (5ms)
			BackupInstance (0ms)
			ReleaseScriptingObjects (0ms)
			CreateAndSetChildDomain (21ms)
		EndReloadAssembly (1194ms)
			LoadAssemblies (114ms)
			RebuildTransferFunctionScriptingTraits (0ms)
			SetupTypeCache (392ms)
			ReleaseScriptCaches (1ms)
			RebuildScriptCaches (67ms)
			SetupLoadedEditorAssemblies (479ms)
				LogAssemblyErrors (0ms)
				InitializePlatformSupportModulesInManaged (4ms)
				SetLoadedEditorAssemblies (0ms)
				RefreshPlugins (80ms)
				BeforeProcessingInitializeOnLoad (116ms)
				ProcessInitializeOnLoadAttributes (252ms)
				ProcessInitializeOnLoadMethodAttributes (18ms)
				AfterProcessingInitializeOnLoad (7ms)
				EditorAssembliesLoaded (0ms)
			ExecutionOrderSort2 (0ms)
			AwakeInstancesAfterBackupRestoration (8ms)
Platform modules already initialized, skipping
========================================================================
Worker process is ready to serve import requests
Launched and connected shader compiler UnityShaderCompiler.exe after 0.09 seconds
Refreshing native plugins compatible for Editor in 0.87 ms, found 3 plugins.
Preloading 0 native plugins for Editor in 0.00 ms.
Unloading 3402 Unused Serialized files (Serialized files now loaded: 0)
System memory in use before: 146.7 MB.
System memory in use after: 146.9 MB.

Unloading 28 unused Assets to reduce memory usage. Loaded Objects now: 3843.
Total: 4.276300 ms (FindLiveObjects: 0.397400 ms CreateObjectMapping: 0.208900 ms MarkObjects: 3.579800 ms  DeleteObjects: 0.089000 ms)

AssetImportParameters requested are different than current active one (requested -> active):
  custom:framework-win-MediaFoundation: 216162199b28c13a410421893ffa2e32 -> 
  custom:video-decoder-ogg-theora: a1e56fd34408186e4bbccfd4996cb3dc -> 
  custom:container-muxer-webm: aa71ff27fc2769a1b78a27578f13a17b -> 
  custom:container-demuxer-webm: 4f35f7cbe854078d1ac9338744f61a02 -> 
  custom:container-demuxer-ogg: 62fdf1f143b41e24485cea50d1cbac27 -> 
  custom:video-encoder-webm-vp8: eb34c28f22e8b96e1ab97ce403110664 -> 
  custom:video-decoder-webm-vp8: 9c59270c3fd7afecdb556c50c9e8de78 -> 
  custom:audio-decoder-ogg-vorbis: bf7c407c2cedff20999df2af8eb42d56 -> 
  custom:audio-encoder-webm-vorbis: bf7c407c2cedff20999df2af8eb42d56 -> 
========================================================================
Received Import Request.
  path: Assets/Enemigos/PNG/demon/Death2.png
  artifactKey: Guid(4c219bf412202714684cb4474549ff2c) Importer(815301076,1909f56bfc062723c751e8b465ee728b)
Start importing Assets/Enemigos/PNG/demon/Death2.png using Guid(4c219bf412202714684cb4474549ff2c) Importer(815301076,1909f56bfc062723c751e8b465ee728b)  -> (artifact id: 'e1f193e5ebf3b3e862ef1ce481eb2b5b') in 0.123537 seconds 
  Import took 0.129247 seconds .

========================================================================
Received Import Request.
  Time since last request: 0.000346 seconds.
  path: Assets/Enemigos/PNG/demon/Hurt2.png
  artifactKey: Guid(448d111318b38784daa64b95d3212678) Importer(815301076,1909f56bfc062723c751e8b465ee728b)
Start importing Assets/Enemigos/PNG/demon/Hurt2.png using Guid(448d111318b38784daa64b95d3212678) Importer(815301076,1909f56bfc062723c751e8b465ee728b)  -> (artifact id: '57650789c92dbfb60107bd0c14fdf1f7') in 0.018088 seconds 
  Import took 0.026682 seconds .

========================================================================
Received Import Request.
  Time since last request: 0.000359 seconds.
  path: Assets/Enemigos/PNG/demon/Walk6.png
  artifactKey: Guid(0af314ba3d607204d9d256e0af592b0d) Importer(815301076,1909f56bfc062723c751e8b465ee728b)
Start importing Assets/Enemigos/PNG/demon/Walk6.png using Guid(0af314ba3d607204d9d256e0af592b0d) Importer(815301076,1909f56bfc062723c751e8b465ee728b)  -> (artifact id: 'ac6ff063b5dc151906cf0f66bfab8b4c') in 0.023072 seconds 
  Import took 0.032185 seconds .

========================================================================
Received Import Request.
  Time since last request: 0.000310 seconds.
  path: Assets/Enemigos/PNG/demon/Attack4.png
  artifactKey: Guid(0d24143c12adfb14d92bf6a0cead8427) Importer(815301076,1909f56bfc062723c751e8b465ee728b)
Start importing Assets/Enemigos/PNG/demon/Attack4.png using Guid(0d24143c12adfb14d92bf6a0cead8427) Importer(815301076,1909f56bfc062723c751e8b465ee728b)  -> (artifact id: '2d6b2e90ab27a9e8b27b53c0d85e8ae3') in 0.021394 seconds 
  Import took 0.047935 seconds .

========================================================================
Received Import Request.
  Time since last request: 0.000315 seconds.
  path: Assets/Enemigos/PNG/demon/Attack1.png
  artifactKey: Guid(1955d012f96ab684f84aab3bd3eddb96) Importer(815301076,1909f56bfc062723c751e8b465ee728b)
Start importing Assets/Enemigos/PNG/demon/Attack1.png using Guid(1955d012f96ab684f84aab3bd3eddb96) Importer(815301076,1909f56bfc062723c751e8b465ee728b)  -> (artifact id: 'b1b70d71836bcaed8467d8ab6b2f4057') in 0.021723 seconds 
  Import took 0.029042 seconds .

========================================================================
Received Import Request.
  Time since last request: 0.000330 seconds.
  path: Assets/Enemigos/PNG/demon/Death6.png
  artifactKey: Guid(494ba57cee31ec9489bde1bdf31bde93) Importer(815301076,1909f56bfc062723c751e8b465ee728b)
Start importing Assets/Enemigos/PNG/demon/Death6.png using Guid(494ba57cee31ec9489bde1bdf31bde93) Importer(815301076,1909f56bfc062723c751e8b465ee728b)  -> (artifact id: 'f1adf8df03b3f0dea4a7fc71b5b57a66') in 0.018920 seconds 
  Import took 0.026302 seconds .

========================================================================
Received Import Request.
  Time since last request: 0.000349 seconds.
  path: Assets/Enemigos/PNG/demon/Walk2.png
  artifactKey: Guid(03a7470b2dc502c40995f79280bb78fb) Importer(815301076,1909f56bfc062723c751e8b465ee728b)
Start importing Assets/Enemigos/PNG/demon/Walk2.png using Guid(03a7470b2dc502c40995f79280bb78fb) Importer(815301076,1909f56bfc062723c751e8b465ee728b)  -> (artifact id: 'ca9b3a6eca15d55e0ec7fec3fd845209') in 0.021108 seconds 
  Import took 0.029332 seconds .

========================================================================
Received Import Request.
  Time since last request: 0.000511 seconds.
  path: Assets/Enemigos/PNG/demon/Idle3.png
  artifactKey: Guid(9a00b5e74647315438afccd4f2759f89) Importer(815301076,1909f56bfc062723c751e8b465ee728b)
Start importing Assets/Enemigos/PNG/demon/Idle3.png using Guid(9a00b5e74647315438afccd4f2759f89) Importer(815301076,1909f56bfc062723c751e8b465ee728b)  -> (artifact id: '675600bc52411a5718e0a58460914dce') in 0.021680 seconds 
  Import took 0.032655 seconds .

========================================================================
Received Import Request.
  Time since last request: 0.000320 seconds.
  path: Assets/Enemigos/PNG/demon/Walk5.png
  artifactKey: Guid(89ce35f704f2432469f231eba2b3eac9) Importer(815301076,1909f56bfc062723c751e8b465ee728b)
Start importing Assets/Enemigos/PNG/demon/Walk5.png using Guid(89ce35f704f2432469f231eba2b3eac9) Importer(815301076,1909f56bfc062723c751e8b465ee728b)  -> (artifact id: '0ad5cc740e2212348c29183dbbe106ee') in 0.019775 seconds 
  Import took 0.028036 seconds .

========================================================================
Received Import Request.
  Time since last request: 0.000321 seconds.
  path: Assets/Enemigos/PNG/demon/Idle1.png
  artifactKey: Guid(5698170fe26f6f54088b12e5cef01898) Importer(815301076,1909f56bfc062723c751e8b465ee728b)
Start importing Assets/Enemigos/PNG/demon/Idle1.png using Guid(5698170fe26f6f54088b12e5cef01898) Importer(815301076,1909f56bfc062723c751e8b465ee728b)  -> (artifact id: '600c96cba41cb03eb4e785ed1f8fe9a6') in 0.019031 seconds 
  Import took 0.027953 seconds .

========================================================================
Received Import Request.
  Time since last request: 0.000240 seconds.
  path: Assets/Enemigos/PNG/demon/Idle2.png
  artifactKey: Guid(266589974db6dbd45a404b2f06fa6e88) Importer(815301076,1909f56bfc062723c751e8b465ee728b)
Start importing Assets/Enemigos/PNG/demon/Idle2.png using Guid(266589974db6dbd45a404b2f06fa6e88) Importer(815301076,1909f56bfc062723c751e8b465ee728b)  -> (artifact id: '8c9f8871067d758867d0591db4b82e53') in 0.021675 seconds 
  Import took 0.029811 seconds .

========================================================================
Received Import Request.
  Time since last request: 0.000234 seconds.
  path: Assets/Enemigos/PNG/demon/Walk1.png
  artifactKey: Guid(d4cae59043c63bb4fa6b17eebe947fd0) Importer(815301076,1909f56bfc062723c751e8b465ee728b)
Start importing Assets/Enemigos/PNG/demon/Walk1.png using Guid(d4cae59043c63bb4fa6b17eebe947fd0) Importer(815301076,1909f56bfc062723c751e8b465ee728b)  -> (artifact id: 'ba91eda8c73f6be498a6badeb97bac86') in 0.022368 seconds 
  Import took 0.028895 seconds .

========================================================================
Received Import Request.
  Time since last request: 0.000281 seconds.
  path: Assets/Enemigos/PNG/demon/Death1.png
  artifactKey: Guid(59483170a81d9634896c4f82dfa94a45) Importer(815301076,1909f56bfc062723c751e8b465ee728b)
Start importing Assets/Enemigos/PNG/demon/Death1.png using Guid(59483170a81d9634896c4f82dfa94a45) Importer(815301076,1909f56bfc062723c751e8b465ee728b)  -> (artifact id: 'd67f4256f463367f48368819ababa82c') in 0.020482 seconds 
  Import took 0.027044 seconds .

========================================================================
Received Import Request.
  Time since last request: 0.000230 seconds.
  path: Assets/Enemigos/PNG/demon/Death4.png
  artifactKey: Guid(28a51c71c32aa4c48958554f23803994) Importer(815301076,1909f56bfc062723c751e8b465ee728b)
Start importing Assets/Enemigos/PNG/demon/Death4.png using Guid(28a51c71c32aa4c48958554f23803994) Importer(815301076,1909f56bfc062723c751e8b465ee728b)  -> (artifact id: '1c8432f3aee7cf531dd7be82c567bda0') in 0.019432 seconds 
  Import took 0.028327 seconds .

========================================================================
Received Import Request.
  Time since last request: 0.000250 seconds.
  path: Assets/Enemigos/PNG/demon/Attack3.png
  artifactKey: Guid(cb33b530a9a10e542aeb1cf1cbfa8614) Importer(815301076,1909f56bfc062723c751e8b465ee728b)
Start importing Assets/Enemigos/PNG/demon/Attack3.png using Guid(cb33b530a9a10e542aeb1cf1cbfa8614) Importer(815301076,1909f56bfc062723c751e8b465ee728b)  -> (artifact id: '03ac5ebe91e900468880b13bc52afef4') in 0.023519 seconds 
  Import took 0.046282 seconds .

========================================================================
Received Import Request.
  Time since last request: 0.000266 seconds.
  path: Assets/Enemigos/PNG/demon/Walk4.png
  artifactKey: Guid(9b85caa37c0aa314793d0ca35017ce9d) Importer(815301076,1909f56bfc062723c751e8b465ee728b)
Start importing Assets/Enemigos/PNG/demon/Walk4.png using Guid(9b85caa37c0aa314793d0ca35017ce9d) Importer(815301076,1909f56bfc062723c751e8b465ee728b)  -> (artifact id: '5386de973df6cc89936d30c0c007a47a') in 0.019607 seconds 
  Import took 0.025612 seconds .

========================================================================
Received Import Request.
  Time since last request: 0.000371 seconds.
  path: Assets/Enemigos/PNG/demon/Death3.png
  artifactKey: Guid(13185fbb57bb4064d9f530b574b8990a) Importer(815301076,1909f56bfc062723c751e8b465ee728b)
Start importing Assets/Enemigos/PNG/demon/Death3.png using Guid(13185fbb57bb4064d9f530b574b8990a) Importer(815301076,1909f56bfc062723c751e8b465ee728b)  -> (artifact id: '7308996c61417462a3c0fa0d51b063b7') in 0.018972 seconds 
  Import took 0.027435 seconds .

========================================================================
Received Import Request.
  Time since last request: 0.000327 seconds.
  path: Assets/Enemigos/PNG/demon/Death5.png
  artifactKey: Guid(a7dad37fc725e0f47b774b75507ba78c) Importer(815301076,1909f56bfc062723c751e8b465ee728b)
Start importing Assets/Enemigos/PNG/demon/Death5.png using Guid(a7dad37fc725e0f47b774b75507ba78c) Importer(815301076,1909f56bfc062723c751e8b465ee728b)  -> (artifact id: '9953403b5696f5fb8872fd0b9cc80183') in 0.022687 seconds 
  Import took 0.029904 seconds .

========================================================================
Received Import Request.
  Time since last request: 0.000250 seconds.
  path: Assets/Enemigos/PNG/demon/Hurt1.png
  artifactKey: Guid(71e00b20a02a54e4bafc2d7c7c60d6ae) Importer(815301076,1909f56bfc062723c751e8b465ee728b)
Start importing Assets/Enemigos/PNG/demon/Hurt1.png using Guid(71e00b20a02a54e4bafc2d7c7c60d6ae) Importer(815301076,1909f56bfc062723c751e8b465ee728b)  -> (artifact id: '2ede42f1026854af1e697f924ce67d05') in 0.020638 seconds 
  Import took 0.028596 seconds .

========================================================================
Received Import Request.
  Time since last request: 0.000311 seconds.
  path: Assets/Enemigos/PNG/demon/Attack2.png
  artifactKey: Guid(7eceec6c66ef754458373d5a4013ae09) Importer(815301076,1909f56bfc062723c751e8b465ee728b)
Start importing Assets/Enemigos/PNG/demon/Attack2.png using Guid(7eceec6c66ef754458373d5a4013ae09) Importer(815301076,1909f56bfc062723c751e8b465ee728b)  -> (artifact id: 'eb5068e1b7e7854d55d9f5b24ad4443c') in 0.021074 seconds 
  Import took 0.027601 seconds .

========================================================================
Received Import Request.
  Time since last request: 0.000211 seconds.
  path: Assets/Enemigos/PNG/demon/Walk3.png
  artifactKey: Guid(8b540022057e5ef4dbba304fa554b32e) Importer(815301076,1909f56bfc062723c751e8b465ee728b)
Start importing Assets/Enemigos/PNG/demon/Walk3.png using Guid(8b540022057e5ef4dbba304fa554b32e) Importer(815301076,1909f56bfc062723c751e8b465ee728b)  -> (artifact id: '81adc51719985ee48c55072ceae58982') in 0.019997 seconds 
  Import took 0.028574 seconds .

========================================================================
Received Import Request.
  Time since last request: 310.987011 seconds.
  path: Packages/com.unity.render-pipelines.universal/Runtime/Materials/ParticlesUnlit.mat
  artifactKey: Guid(e823cd5b5d27c0f4b8256e7c12ee3e6d) Importer(815301076,1909f56bfc062723c751e8b465ee728b)
Start importing Packages/com.unity.render-pipelines.universal/Runtime/Materials/ParticlesUnlit.mat using Guid(e823cd5b5d27c0f4b8256e7c12ee3e6d) Importer(815301076,1909f56bfc062723c751e8b465ee728b)  -> (artifact id: 'd71da6c33cd2e49d44a0c7fc912fc90f') in 0.226417 seconds 
  Import took 0.233533 seconds .

========================================================================
Received Import Request.
  Time since last request: 0.000353 seconds.
  path: Packages/com.unity.render-pipelines.universal/Runtime/Materials/TerrainLit.mat
  artifactKey: Guid(594ea882c5a793440b60ff72d896021e) Importer(815301076,1909f56bfc062723c751e8b465ee728b)
Start importing Packages/com.unity.render-pipelines.universal/Runtime/Materials/TerrainLit.mat using Guid(594ea882c5a793440b60ff72d896021e) Importer(815301076,1909f56bfc062723c751e8b465ee728b)  -> (artifact id: '2240f070fb1c524d012e14825a13b487') in 0.023417 seconds 
  Import took 0.030415 seconds .

========================================================================
Received Import Request.
  Time since last request: 0.000300 seconds.
  path: Packages/com.unity.render-pipelines.universal/Runtime/Materials/Sprite-Unlit-Default.mat
  artifactKey: Guid(9dfc825aed78fcd4ba02077103263b40) Importer(815301076,1909f56bfc062723c751e8b465ee728b)
Start importing Packages/com.unity.render-pipelines.universal/Runtime/Materials/Sprite-Unlit-Default.mat using Guid(9dfc825aed78fcd4ba02077103263b40) Importer(815301076,1909f56bfc062723c751e8b465ee728b)  -> (artifact id: '3648b2d36e7a16e139791e905b23a55f') in 0.062228 seconds 
  Import took 0.069516 seconds .

========================================================================
Received Import Request.
  Time since last request: 0.000389 seconds.
  path: Packages/com.unity.render-pipelines.universal/Runtime/Materials/SimpleLit.mat
  artifactKey: Guid(6a1143ee683302f4aa628c052723efc1) Importer(815301076,1909f56bfc062723c751e8b465ee728b)
Start importing Packages/com.unity.render-pipelines.universal/Runtime/Materials/SimpleLit.mat using Guid(6a1143ee683302f4aa628c052723efc1) Importer(815301076,1909f56bfc062723c751e8b465ee728b)  -> (artifact id: 'b11c6f8d052e211c2a6d061600587e97') in 0.222989 seconds 
  Import took 0.250236 seconds .

========================================================================
Received Import Request.
  Time since last request: 0.000414 seconds.
  path: Packages/com.unity.render-pipelines.universal/Runtime/Materials/Sprite-Lit-Default.mat
  artifactKey: Guid(a97c105638bdf8b4a8650670310a4cd3) Importer(815301076,1909f56bfc062723c751e8b465ee728b)
Start importing Packages/com.unity.render-pipelines.universal/Runtime/Materials/Sprite-Lit-Default.mat using Guid(a97c105638bdf8b4a8650670310a4cd3) Importer(815301076,1909f56bfc062723c751e8b465ee728b)  -> (artifact id: '33366d785cf96f4998f97e67412caa77') in 0.016616 seconds 
  Import took 0.024492 seconds .

========================================================================
Received Import Request.
  Time since last request: 17.682393 seconds.
  path: Packages/com.unity.render-pipelines.universal/Runtime/Materials/Lit.mat
  artifactKey: Guid(31321ba15b8f8eb4c954353edc038b1d) Importer(815301076,1909f56bfc062723c751e8b465ee728b)
Start importing Packages/com.unity.render-pipelines.universal/Runtime/Materials/Lit.mat using Guid(31321ba15b8f8eb4c954353edc038b1d) Importer(815301076,1909f56bfc062723c751e8b465ee728b)  -> (artifact id: '0aab0fa497c9558f841225250f0a6809') in 0.017371 seconds 
  Import took 0.024729 seconds .

========================================================================
Received Import Request.
  Time since last request: 69.756715 seconds.
  path: Assets/Enemigos/PNG/demon/Idle1.png
  artifactKey: Guid(5698170fe26f6f54088b12e5cef01898) Importer(815301076,1909f56bfc062723c751e8b465ee728b)
Start importing Assets/Enemigos/PNG/demon/Idle1.png using Guid(5698170fe26f6f54088b12e5cef01898) Importer(815301076,1909f56bfc062723c751e8b465ee728b)  -> (artifact id: 'cdfe441235e424b5b0f2d24e5c9b59f0') in 0.020266 seconds 
  Import took 0.029338 seconds .

========================================================================
Received Import Request.
  Time since last request: 6.016596 seconds.
  path: Assets/Enemigos/PNG/demon/Idle1.png
  artifactKey: Guid(5698170fe26f6f54088b12e5cef01898) Importer(815301076,1909f56bfc062723c751e8b465ee728b)
Start importing Assets/Enemigos/PNG/demon/Idle1.png using Guid(5698170fe26f6f54088b12e5cef01898) Importer(815301076,1909f56bfc062723c751e8b465ee728b)  -> (artifact id: '3e1bee35d7027f80ffbd8c8b0725f37a') in 0.025457 seconds 
  Import took 0.031815 seconds .

========================================================================
Received Import Request.
  Time since last request: 46.476270 seconds.
  path: Assets/Enemigos/PNG/demon/Idle1.png
  artifactKey: Guid(5698170fe26f6f54088b12e5cef01898) Importer(815301076,1909f56bfc062723c751e8b465ee728b)
Start importing Assets/Enemigos/PNG/demon/Idle1.png using Guid(5698170fe26f6f54088b12e5cef01898) Importer(815301076,1909f56bfc062723c751e8b465ee728b)  -> (artifact id: '955d5d0f407debdab7b60ac27f8cc2c5') in 0.016309 seconds 
  Import took 0.047347 seconds .

========================================================================
Received Import Request.
  Time since last request: 55.198279 seconds.
  path: Assets/Enemigos/PNG/dragon/Attack1.png
  artifactKey: Guid(61daa2111d2dc2d4d862ddf1425a4295) Importer(815301076,1909f56bfc062723c751e8b465ee728b)
Start importing Assets/Enemigos/PNG/dragon/Attack1.png using Guid(61daa2111d2dc2d4d862ddf1425a4295) Importer(815301076,1909f56bfc062723c751e8b465ee728b)  -> (artifact id: 'd42c62a8a9baf9fdef9796661b98af90') in 0.020122 seconds 
  Import took 0.052361 seconds .

========================================================================
Received Import Request.
  Time since last request: 0.000362 seconds.
  path: Assets/Enemigos/PNG/dragon/Walk1.png
  artifactKey: Guid(f70d52983077af54990b2ddaecc8084e) Importer(815301076,1909f56bfc062723c751e8b465ee728b)
Start importing Assets/Enemigos/PNG/dragon/Walk1.png using Guid(f70d52983077af54990b2ddaecc8084e) Importer(815301076,1909f56bfc062723c751e8b465ee728b)  -> (artifact id: '9ca7cff2464a94cdaf5440fee5a1fde9') in 0.019088 seconds 
  Import took 0.027822 seconds .

========================================================================
Received Import Request.
  Time since last request: 0.000401 seconds.
  path: Assets/Enemigos/PNG/dragon/Walk5.png
  artifactKey: Guid(398d70874b98d3c4b91678e3c1e56d2d) Importer(815301076,1909f56bfc062723c751e8b465ee728b)
Start importing Assets/Enemigos/PNG/dragon/Walk5.png using Guid(398d70874b98d3c4b91678e3c1e56d2d) Importer(815301076,1909f56bfc062723c751e8b465ee728b)  -> (artifact id: 'cb1fe63344e3357b7a7f3c9913b755f5') in 0.021445 seconds 
  Import took 0.028274 seconds .

========================================================================
Received Import Request.
  Time since last request: 0.000361 seconds.
  path: Assets/Enemigos/PNG/dragon/Fire_Attack5.png
  artifactKey: Guid(bdbf7accc402c824691217732835940d) Importer(815301076,1909f56bfc062723c751e8b465ee728b)
Start importing Assets/Enemigos/PNG/dragon/Fire_Attack5.png using Guid(bdbf7accc402c824691217732835940d) Importer(815301076,1909f56bfc062723c751e8b465ee728b)  -> (artifact id: '533289746532ef9dcc83d9eea2a631f0') in 0.022980 seconds 
  Import took 0.031734 seconds .

========================================================================
Received Import Request.
  Time since last request: 0.000327 seconds.
  path: Assets/Enemigos/PNG/dragon/Walk2.png
  artifactKey: Guid(1cce6c0a263538447888b2b65d705e16) Importer(815301076,1909f56bfc062723c751e8b465ee728b)
Start importing Assets/Enemigos/PNG/dragon/Walk2.png using Guid(1cce6c0a263538447888b2b65d705e16) Importer(815301076,1909f56bfc062723c751e8b465ee728b)  -> (artifact id: '2e19bfc84079557fcfef66b4ad554926') in 0.024484 seconds 
  Import took 0.033749 seconds .

========================================================================
Received Import Request.
  Time since last request: 0.000300 seconds.
  path: Assets/Enemigos/PNG/dragon/Walk4.png
  artifactKey: Guid(c0db0007b8944aa449d035947ba02448) Importer(815301076,1909f56bfc062723c751e8b465ee728b)
Start importing Assets/Enemigos/PNG/dragon/Walk4.png using Guid(c0db0007b8944aa449d035947ba02448) Importer(815301076,1909f56bfc062723c751e8b465ee728b)  -> (artifact id: '560cc34fac31efe2ec3f8d8a16927cef') in 0.021953 seconds 
  Import took 0.030744 seconds .

========================================================================
Received Import Request.
  Time since last request: 0.000342 seconds.
  path: Assets/Enemigos/PNG/dragon/Hurt1.png
  artifactKey: Guid(f113945cde9e8564d84710fa89ce8ba9) Importer(815301076,1909f56bfc062723c751e8b465ee728b)
Start importing Assets/Enemigos/PNG/dragon/Hurt1.png using Guid(f113945cde9e8564d84710fa89ce8ba9) Importer(815301076,1909f56bfc062723c751e8b465ee728b)  -> (artifact id: '7b0a10ff166455e5b93e007e934c6354') in 0.022178 seconds 
  Import took 0.031272 seconds .

========================================================================
Received Import Request.
  Time since last request: 0.000628 seconds.
  path: Assets/Enemigos/PNG/dragon/Fire_Attack6.png
  artifactKey: Guid(53bca5bd6304e764f83c1e53f803a938) Importer(815301076,1909f56bfc062723c751e8b465ee728b)
Start importing Assets/Enemigos/PNG/dragon/Fire_Attack6.png using Guid(53bca5bd6304e764f83c1e53f803a938) Importer(815301076,1909f56bfc062723c751e8b465ee728b)  -> (artifact id: 'a5939b713e2c6587f6b781558906738d') in 0.018713 seconds 
  Import took 0.028172 seconds .

========================================================================
Received Import Request.
  Time since last request: 0.000286 seconds.
  path: Assets/Enemigos/PNG/dragon/Idle2.png
  artifactKey: Guid(27b1aace0d70a9c41b187caaa0bff5cd) Importer(815301076,1909f56bfc062723c751e8b465ee728b)
Start importing Assets/Enemigos/PNG/dragon/Idle2.png using Guid(27b1aace0d70a9c41b187caaa0bff5cd) Importer(815301076,1909f56bfc062723c751e8b465ee728b)  -> (artifact id: 'a61b3f463c8783c1e64e96b272570479') in 0.021689 seconds 
  Import took 0.031639 seconds .

========================================================================
Received Import Request.
  Time since last request: 0.000293 seconds.
  path: Assets/Enemigos/PNG/dragon/Attack4.png
  artifactKey: Guid(03865eb9ff7b2ec4f849f100919ae980) Importer(815301076,1909f56bfc062723c751e8b465ee728b)
Start importing Assets/Enemigos/PNG/dragon/Attack4.png using Guid(03865eb9ff7b2ec4f849f100919ae980) Importer(815301076,1909f56bfc062723c751e8b465ee728b)  -> (artifact id: '19d7c6d154f7a937e4d4a5a795b91610') in 0.019482 seconds 
  Import took 0.027107 seconds .

========================================================================
Received Import Request.
  Time since last request: 0.000372 seconds.
  path: Assets/Enemigos/PNG/dragon/Fire_Attack3.png
  artifactKey: Guid(707fa77d229252047ad227e38fee4870) Importer(815301076,1909f56bfc062723c751e8b465ee728b)
Start importing Assets/Enemigos/PNG/dragon/Fire_Attack3.png using Guid(707fa77d229252047ad227e38fee4870) Importer(815301076,1909f56bfc062723c751e8b465ee728b)  -> (artifact id: 'ddc43010dc33a8c05cc0aec02890a5e8') in 0.020997 seconds 
  Import took 0.062008 seconds .

========================================================================
Received Import Request.
  Time since last request: 0.000645 seconds.
  path: Assets/Enemigos/PNG/dragon/Attack2.png
  artifactKey: Guid(2be24ef48ade08c4381073fc47a13bfe) Importer(815301076,1909f56bfc062723c751e8b465ee728b)
Start importing Assets/Enemigos/PNG/dragon/Attack2.png using Guid(2be24ef48ade08c4381073fc47a13bfe) Importer(815301076,1909f56bfc062723c751e8b465ee728b)  -> (artifact id: '594afee8db9734abebf7b51606617f48') in 0.025245 seconds 
  Import took 0.034947 seconds .

========================================================================
Received Import Request.
  Time since last request: 0.000336 seconds.
  path: Assets/Enemigos/PNG/dragon/Death5.png
  artifactKey: Guid(5bc9a17de841c7049a33215d9dd4a58c) Importer(815301076,1909f56bfc062723c751e8b465ee728b)
Start importing Assets/Enemigos/PNG/dragon/Death5.png using Guid(5bc9a17de841c7049a33215d9dd4a58c) Importer(815301076,1909f56bfc062723c751e8b465ee728b)  -> (artifact id: 'b9ba1d285716979f9c312061d749e8d8') in 0.021013 seconds 
  Import took 0.029569 seconds .

========================================================================
Received Import Request.
  Time since last request: 0.000325 seconds.
  path: Assets/Enemigos/PNG/dragon/Death1.png
  artifactKey: Guid(59fbd3be8d4ca2c47af9d12c6e8cc129) Importer(815301076,1909f56bfc062723c751e8b465ee728b)
Start importing Assets/Enemigos/PNG/dragon/Death1.png using Guid(59fbd3be8d4ca2c47af9d12c6e8cc129) Importer(815301076,1909f56bfc062723c751e8b465ee728b)  -> (artifact id: '9b4851529efbc4f8798928b0f744690c') in 0.018003 seconds 
  Import took 0.025804 seconds .

========================================================================
Received Import Request.
  Time since last request: 0.000340 seconds.
  path: Assets/Enemigos/PNG/dragon/Hurt2.png
  artifactKey: Guid(4c808f9cdc27cf6459cd7ec7dd6e97b2) Importer(815301076,1909f56bfc062723c751e8b465ee728b)
Start importing Assets/Enemigos/PNG/dragon/Hurt2.png using Guid(4c808f9cdc27cf6459cd7ec7dd6e97b2) Importer(815301076,1909f56bfc062723c751e8b465ee728b)  -> (artifact id: '0dbe49f80f3c279afd0955b7d576dabf') in 0.018390 seconds 
  Import took 0.029457 seconds .

========================================================================
Received Import Request.
  Time since last request: 0.000309 seconds.
  path: Assets/Enemigos/PNG/dragon/Walk3.png
  artifactKey: Guid(08366a399cad60247ac62a37b49ee7f8) Importer(815301076,1909f56bfc062723c751e8b465ee728b)
Start importing Assets/Enemigos/PNG/dragon/Walk3.png using Guid(08366a399cad60247ac62a37b49ee7f8) Importer(815301076,1909f56bfc062723c751e8b465ee728b)  -> (artifact id: 'ac9926d02370f69c325a9b2fb28c9f84') in 0.020263 seconds 
  Import took 0.029621 seconds .

========================================================================
Received Import Request.
  Time since last request: 0.000768 seconds.
  path: Assets/Enemigos/PNG/dragon/Fire_Attack4.png
  artifactKey: Guid(27678865af6340a4b94571545daa72bd) Importer(815301076,1909f56bfc062723c751e8b465ee728b)
Start importing Assets/Enemigos/PNG/dragon/Fire_Attack4.png using Guid(27678865af6340a4b94571545daa72bd) Importer(815301076,1909f56bfc062723c751e8b465ee728b)  -> (artifact id: '50b02625eee5de22cadb256ceb618285') in 0.020859 seconds 
  Import took 0.029729 seconds .

========================================================================
Received Import Request.
  Time since last request: 0.000288 seconds.
  path: Assets/Enemigos/PNG/dragon/Death2.png
  artifactKey: Guid(00e590616ac1aca40ad27904784d9b72) Importer(815301076,1909f56bfc062723c751e8b465ee728b)
Start importing Assets/Enemigos/PNG/dragon/Death2.png using Guid(00e590616ac1aca40ad27904784d9b72) Importer(815301076,1909f56bfc062723c751e8b465ee728b)  -> (artifact id: '8fba27825eafe15e56974356c84876a2') in 0.018063 seconds 
  Import took 0.026030 seconds .

========================================================================
Received Import Request.
  Time since last request: 0.000433 seconds.
  path: Assets/Enemigos/PNG/dragon/Fire_Attack2.png
  artifactKey: Guid(cb2da5d97a3599e4e8750a38aaaa8b43) Importer(815301076,1909f56bfc062723c751e8b465ee728b)
Start importing Assets/Enemigos/PNG/dragon/Fire_Attack2.png using Guid(cb2da5d97a3599e4e8750a38aaaa8b43) Importer(815301076,1909f56bfc062723c751e8b465ee728b)  -> (artifact id: '875e6f2093cf88242d8cd598d6fbd12d') in 0.021039 seconds 
  Import took 0.030451 seconds .

========================================================================
Received Import Request.
  Time since last request: 0.000264 seconds.
  path: Assets/Enemigos/PNG/dragon/Attack3.png
  artifactKey: Guid(747ce7bb09386e94d84fdf59aa10a173) Importer(815301076,1909f56bfc062723c751e8b465ee728b)
Start importing Assets/Enemigos/PNG/dragon/Attack3.png using Guid(747ce7bb09386e94d84fdf59aa10a173) Importer(815301076,1909f56bfc062723c751e8b465ee728b)  -> (artifact id: '0e93cde7f10a02e9b546068915480e9d') in 0.018944 seconds 
  Import took 0.028739 seconds .

========================================================================
Received Import Request.
  Time since last request: 0.000259 seconds.
  path: Assets/Enemigos/PNG/dragon/Death3.png
  artifactKey: Guid(1f4fcc041d2838f44939d859c7e2ad8a) Importer(815301076,1909f56bfc062723c751e8b465ee728b)
Start importing Assets/Enemigos/PNG/dragon/Death3.png using Guid(1f4fcc041d2838f44939d859c7e2ad8a) Importer(815301076,1909f56bfc062723c751e8b465ee728b)  -> (artifact id: '7fa0f83687c69f41655084d1f5710048') in 0.017963 seconds 
  Import took 0.026154 seconds .

========================================================================
Received Import Request.
  Time since last request: 0.000396 seconds.
  path: Assets/Enemigos/PNG/dragon/Fire_Attack1.png
  artifactKey: Guid(4134c0173c64cce4483513227feb3552) Importer(815301076,1909f56bfc062723c751e8b465ee728b)
Start importing Assets/Enemigos/PNG/dragon/Fire_Attack1.png using Guid(4134c0173c64cce4483513227feb3552) Importer(815301076,1909f56bfc062723c751e8b465ee728b)  -> (artifact id: '02099c4d32d85ccdb68fab74599a378d') in 0.021006 seconds 
  Import took 0.029928 seconds .

========================================================================
Received Import Request.
  Time since last request: 0.000264 seconds.
  path: Assets/Enemigos/PNG/dragon/Idle3.png
  artifactKey: Guid(3e0591dbd50fecb4da379270522e24c4) Importer(815301076,1909f56bfc062723c751e8b465ee728b)
Start importing Assets/Enemigos/PNG/dragon/Idle3.png using Guid(3e0591dbd50fecb4da379270522e24c4) Importer(815301076,1909f56bfc062723c751e8b465ee728b)  -> (artifact id: '64ef6f16690aa93753db4c18b2ecfe6a') in 0.020497 seconds 
  Import took 0.027819 seconds .

========================================================================
Received Import Request.
  Time since last request: 0.000288 seconds.
  path: Assets/Enemigos/PNG/dragon/Idle1.png
  artifactKey: Guid(855eb84a23430af419ba48f07683e215) Importer(815301076,1909f56bfc062723c751e8b465ee728b)
Start importing Assets/Enemigos/PNG/dragon/Idle1.png using Guid(855eb84a23430af419ba48f07683e215) Importer(815301076,1909f56bfc062723c751e8b465ee728b)  -> (artifact id: 'f82058e7aec73b31171b6f83e0beff8a') in 0.019172 seconds 
  Import took 0.027142 seconds .

========================================================================
Received Import Request.
  Time since last request: 0.000273 seconds.
  path: Assets/Enemigos/PNG/dragon/Death4.png
  artifactKey: Guid(3056dc66e2c349440aa3c4eb6837258a) Importer(815301076,1909f56bfc062723c751e8b465ee728b)
Start importing Assets/Enemigos/PNG/dragon/Death4.png using Guid(3056dc66e2c349440aa3c4eb6837258a) Importer(815301076,1909f56bfc062723c751e8b465ee728b)  -> (artifact id: 'f9e33c7e28ff5f96f9cf645484584e8b') in 0.019810 seconds 
  Import took 0.027254 seconds .

========================================================================
Received Prepare
Registering precompiled user dll's ...
Registered in 0.005946 seconds.
Begin MonoManager ReloadAssembly
Native extension for WindowsStandalone target not found
Refreshing native plugins compatible for Editor in 0.80 ms, found 3 plugins.
Preloading 0 native plugins for Editor in 0.00 ms.
Mono: successfully reloaded assembly
- Completed reload, in  1.328 seconds
Domain Reload Profiling:
	ReloadAssembly (1329ms)
		BeginReloadAssembly (166ms)
			ExecutionOrderSort (0ms)
			DisableScriptedObjects (9ms)
			BackupInstance (0ms)
			ReleaseScriptingObjects (0ms)
			CreateAndSetChildDomain (48ms)
		EndReloadAssembly (1078ms)
			LoadAssemblies (123ms)
			RebuildTransferFunctionScriptingTraits (0ms)
			SetupTypeCache (359ms)
			ReleaseScriptCaches (2ms)
			RebuildScriptCaches (55ms)
			SetupLoadedEditorAssemblies (385ms)
				LogAssemblyErrors (0ms)
				InitializePlatformSupportModulesInManaged (4ms)
				SetLoadedEditorAssemblies (0ms)
				RefreshPlugins (1ms)
				BeforeProcessingInitializeOnLoad (127ms)
				ProcessInitializeOnLoadAttributes (238ms)
				ProcessInitializeOnLoadMethodAttributes (7ms)
				AfterProcessingInitializeOnLoad (7ms)
				EditorAssembliesLoaded (0ms)
			ExecutionOrderSort2 (0ms)
			AwakeInstancesAfterBackupRestoration (22ms)
Platform modules already initialized, skipping
Refreshing native plugins compatible for Editor in 0.76 ms, found 3 plugins.
Preloading 0 native plugins for Editor in 0.00 ms.
Unloading 3286 Unused Serialized files (Serialized files now loaded: 0)
System memory in use before: 144.6 MB.
System memory in use after: 144.8 MB.

Unloading 17 unused Assets to reduce memory usage. Loaded Objects now: 3928.
Total: 4.713000 ms (FindLiveObjects: 0.395600 ms CreateObjectMapping: 0.151200 ms MarkObjects: 4.103400 ms  DeleteObjects: 0.061700 ms)

AssetImportParameters requested are different than current active one (requested -> active):
  custom:framework-win-MediaFoundation: 216162199b28c13a410421893ffa2e32 -> 
  custom:video-decoder-ogg-theora: a1e56fd34408186e4bbccfd4996cb3dc -> 
  custom:container-muxer-webm: aa71ff27fc2769a1b78a27578f13a17b -> 
  custom:container-demuxer-webm: 4f35f7cbe854078d1ac9338744f61a02 -> 
  custom:container-demuxer-ogg: 62fdf1f143b41e24485cea50d1cbac27 -> 
  custom:video-encoder-webm-vp8: eb34c28f22e8b96e1ab97ce403110664 -> 
  custom:video-decoder-webm-vp8: 9c59270c3fd7afecdb556c50c9e8de78 -> 
  custom:audio-decoder-ogg-vorbis: bf7c407c2cedff20999df2af8eb42d56 -> 
  custom:audio-encoder-webm-vorbis: bf7c407c2cedff20999df2af8eb42d56 -> 
========================================================================
Received Import Request.
  Time since last request: 674.858713 seconds.
  path: Assets/Enemigos/PNG/dragon/Idle1.png
  artifactKey: Guid(855eb84a23430af419ba48f07683e215) Importer(815301076,1909f56bfc062723c751e8b465ee728b)
Start importing Assets/Enemigos/PNG/dragon/Idle1.png using Guid(855eb84a23430af419ba48f07683e215) Importer(815301076,1909f56bfc062723c751e8b465ee728b)  -> (artifact id: 'ad4c51a0e608b5a674c7201fc2bd6ae0') in 0.063976 seconds 
  Import took 0.086167 seconds .

========================================================================
Received Import Request.
  Time since last request: 425.068847 seconds.
  path: Assets/Enemigos/PNG/dragon/Idle1.png
  artifactKey: Guid(855eb84a23430af419ba48f07683e215) Importer(815301076,1909f56bfc062723c751e8b465ee728b)
Start importing Assets/Enemigos/PNG/dragon/Idle1.png using Guid(855eb84a23430af419ba48f07683e215) Importer(815301076,1909f56bfc062723c751e8b465ee728b)  -> (artifact id: '3a087956d4015558b098e82b7146b3c0') in 0.020609 seconds 
  Import took 0.028456 seconds .

AssetImportWorkerClient::OnTransportError - code=2 error=End of file
